
**** Build of configuration Release for project finalCode ****

"C:\\Software\\ccs83\\ccsv8\\utils\\bin\\gmake" -k -j 4 all -O 
 
Building file: "../main.c"
Invoking: MSP430 Compiler
"C:/Software/ccs83/ccsv8/tools/compiler/ti-cgt-msp430_18.1.4.LTS/bin/cl430" -vmspx -O2 --use_hw_mpy=none --include_path="C:/Software/ccs83/ccsv8/ccs_base/msp430/include" --include_path="N:/2B/ECE298/finalCode" --include_path="C:/Software/ccs83/ccsv8/tools/compiler/ti-cgt-msp430_18.1.4.LTS/include" --advice:power=all --advice:hw_config=all --define=__MSP430FR4133__ --printf_support=minimal --diag_warning=225 --diag_wrap=off --display_error_number --silicon_errata=CPU21 --silicon_errata=CPU22 --silicon_errata=CPU40 --preproc_with_compile --preproc_dependency="main.d_raw"  "../main.c"
"../main.c", line 289: remark #1546-D: (ULP 15.1) Detected consecutive bitfield assigns. Recommend using bit mask instead
"../main.c", line 290: remark #1546-D: (ULP 15.1) Detected consecutive bitfield assigns. Recommend using bit mask instead
"../main.c", line 291: remark #1546-D: (ULP 15.1) Detected consecutive bitfield assigns. Recommend using bit mask instead
"../main.c", line 292: remark #1546-D: (ULP 15.1) Detected consecutive bitfield assigns. Recommend using bit mask instead
"../main.c", line 293: remark #1546-D: (ULP 15.1) Detected consecutive bitfield assigns. Recommend using bit mask instead
"../main.c", line 294: remark #1546-D: (ULP 15.1) Detected consecutive bitfield assigns. Recommend using bit mask instead
"../main.c", line 295: remark #1546-D: (ULP 15.1) Detected consecutive bitfield assigns. Recommend using bit mask instead
"../main.c", line 296: remark #1546-D: (ULP 15.1) Detected consecutive bitfield assigns. Recommend using bit mask instead
"../main.c", line 316: remark #1538-D: (ULP 10.1) ISR EUSCIA0_ISR calls function EUSCI_A_UART_getInterruptStatus. Recommend moving function call away from ISR, or inlining the function, or using pragmas
"../main.c", line 318: remark #1538-D: (ULP 10.1) ISR EUSCIA0_ISR calls function EUSCI_A_UART_clearInterrupt. Recommend moving function call away from ISR, or inlining the function, or using pragmas
"../main.c", line 322: remark #1538-D: (ULP 10.1) ISR EUSCIA0_ISR calls function EUSCI_A_UART_transmitData. Recommend moving function call away from ISR, or inlining the function, or using pragmas
"../main.c", line 322: remark #1538-D: (ULP 10.1) ISR EUSCIA0_ISR calls function EUSCI_A_UART_receiveData. Recommend moving function call away from ISR, or inlining the function, or using pragmas
"../main.c", line 339: remark #1546-D: (ULP 15.1) Detected consecutive bitfield assigns. Recommend using bit mask instead
"../main.c", line 340: remark #1546-D: (ULP 15.1) Detected consecutive bitfield assigns. Recommend using bit mask instead
"../main.c", line 341: remark #1546-D: (ULP 15.1) Detected consecutive bitfield assigns. Recommend using bit mask instead
"../main.c", line 342: remark #1546-D: (ULP 15.1) Detected consecutive bitfield assigns. Recommend using bit mask instead
"../main.c", line 343: remark #1546-D: (ULP 15.1) Detected consecutive bitfield assigns. Recommend using bit mask instead
"../main.c", line 408: remark #1538-D: (ULP 10.1) ISR ADC_ISR calls function ADC_getInterruptStatus. Recommend moving function call away from ISR, or inlining the function, or using pragmas
"../main.c", line 410: remark #1538-D: (ULP 10.1) ISR ADC_ISR calls function ADC_clearInterrupt. Recommend moving function call away from ISR, or inlining the function, or using pragmas
"../main.c", line 415: remark #1538-D: (ULP 10.1) ISR ADC_ISR calls function ADC_getResults. Recommend moving function call away from ISR, or inlining the function, or using pragmas
Finished building: "../main.c"
 
Building target: "finalCode.out"
Invoking: MSP430 Linker
"C:/Software/ccs83/ccsv8/tools/compiler/ti-cgt-msp430_18.1.4.LTS/bin/cl430" -vmspx -O2 --use_hw_mpy=none --advice:power=all --advice:hw_config=all --define=__MSP430FR4133__ --printf_support=minimal --diag_warning=225 --diag_wrap=off --display_error_number --silicon_errata=CPU21 --silicon_errata=CPU22 --silicon_errata=CPU40 -z -m"finalCode.map" --heap_size=160 --stack_size=160 --cinit_hold_wdt=on -i"C:/Software/ccs83/ccsv8/ccs_base/msp430/include" -i"C:/Software/ccs83/ccsv8/tools/compiler/ti-cgt-msp430_18.1.4.LTS/lib" -i"C:/Software/ccs83/ccsv8/tools/compiler/ti-cgt-msp430_18.1.4.LTS/include" --reread_libs --diag_wrap=off --display_error_number --warn_sections --xml_link_info="finalCode_linkInfo.xml" --use_hw_mpy=none --rom_model -o "finalCode.out" "./hal_LCD.obj" "./main.obj" "./driverlib/adc.obj" "./driverlib/crc.obj" "./driverlib/cs.obj" "./driverlib/ecomp.obj" "./driverlib/eusci_a_spi.obj" "./driverlib/eusci_a_uart.obj" "./driverlib/eusci_b_i2c.obj" "./driverlib/eusci_b_spi.obj" "./driverlib/framctl.obj" "./driverlib/gpio.obj" "./driverlib/icc.obj" "./driverlib/lcd_e.obj" "./driverlib/mpy32.obj" "./driverlib/pmm.obj" "./driverlib/rtc.obj" "./driverlib/sac.obj" "./driverlib/sfr.obj" "./driverlib/sysctl.obj" "./driverlib/tia.obj" "./driverlib/timer_a.obj" "./driverlib/timer_b.obj" "./driverlib/tlv.obj" "./driverlib/wdt_a.obj" "../lnk_msp430fr4133.cmd"  -llibc.a 
<Linking>
remark #10372-D: (ULP 4.1) Detected uninitialized Port A in this project. Recommend initializing all unused ports to eliminate wasted current consumption on unused pins.
warning #10229-D: output section ".data" refers to load symbol "_nop" and hence cannot be compressed; compression "lzss" is ignored
remark #10372-D: (ULP 4.1) Detected uninitialized Port B in this project. Recommend initializing all unused ports to eliminate wasted current consumption on unused pins.
remark #10372-D: (ULP 4.1) Detected uninitialized Port C in this project. Recommend initializing all unused ports to eliminate wasted current consumption on unused pins.
remark #10372-D: (ULP 4.1) Detected uninitialized Port D in this project. Recommend initializing all unused ports to eliminate wasted current consumption on unused pins.
Finished building target: "finalCode.out"
 

**** Build Finished ****
