
**** Build of configuration Debug for project Hello World ****

"C:\\Software\\ccs83\\ccsv8\\utils\\bin\\gmake" -k -j 4 all -O 
 
Building file: "../hello.c"
Invoking: MSP430 Compiler
"C:/Software/ccs83/ccsv8/tools/compiler/ti-cgt-msp430_18.1.4.LTS/bin/cl430" -vmspx --use_hw_mpy=none --include_path="C:/Software/ccs83/ccsv8/ccs_base/msp430/include" --include_path="N:/2B/ECE298/Hello World" --include_path="C:/Software/ccs83/ccsv8/tools/compiler/ti-cgt-msp430_18.1.4.LTS/include" --advice:power=all --advice:hw_config=all --define=__MSP430FR4133__ -g --printf_support=minimal --diag_warning=225 --diag_wrap=off --display_error_number --silicon_errata=CPU21 --silicon_errata=CPU22 --silicon_errata=CPU40 --preproc_with_compile --preproc_dependency="hello.d_raw"  "../hello.c"
 
>> Compilation failure
subdir_rules.mk:9: recipe for target 'hello.obj' failed
"../hello.c", line 3: fatal error #1965: cannot open source file "hal_LCD.h"
1 catastrophic error detected in the compilation of "../hello.c".
Compilation terminated.
gmake: *** [hello.obj] Error 1
Building file: "../driverlib/adc.c"
Invoking: MSP430 Compiler
"C:/Software/ccs83/ccsv8/tools/compiler/ti-cgt-msp430_18.1.4.LTS/bin/cl430" -vmspx --use_hw_mpy=none --include_path="C:/Software/ccs83/ccsv8/ccs_base/msp430/include" --include_path="N:/2B/ECE298/Hello World" --include_path="C:/Software/ccs83/ccsv8/tools/compiler/ti-cgt-msp430_18.1.4.LTS/include" --advice:power=all --advice:hw_config=all --define=__MSP430FR4133__ -g --printf_support=minimal --diag_warning=225 --diag_wrap=off --display_error_number --silicon_errata=CPU21 --silicon_errata=CPU22 --silicon_errata=CPU40 --preproc_with_compile --preproc_dependency="driverlib/adc.d_raw" --obj_directory="driverlib"  "../driverlib/adc.c"
"../driverlib/adc.c", line 172: remark #1528-D: (ULP 3.1) Detected flag polling using ADCBUSY. Recommend using an interrupt combined with enter LPMx and ISR
Finished building: "../driverlib/adc.c"
 
Building file: "../driverlib/crc.c"
Invoking: MSP430 Compiler
"C:/Software/ccs83/ccsv8/tools/compiler/ti-cgt-msp430_18.1.4.LTS/bin/cl430" -vmspx --use_hw_mpy=none --include_path="C:/Software/ccs83/ccsv8/ccs_base/msp430/include" --include_path="N:/2B/ECE298/Hello World" --include_path="C:/Software/ccs83/ccsv8/tools/compiler/ti-cgt-msp430_18.1.4.LTS/include" --advice:power=all --advice:hw_config=all --define=__MSP430FR4133__ -g --printf_support=minimal --diag_warning=225 --diag_wrap=off --display_error_number --silicon_errata=CPU21 --silicon_errata=CPU22 --silicon_errata=CPU40 --preproc_with_compile --preproc_dependency="driverlib/crc.d_raw" --obj_directory="driverlib"  "../driverlib/crc.c"
Finished building: "../driverlib/crc.c"
 
Building file: "../driverlib/cs.c"
Invoking: MSP430 Compiler
"C:/Software/ccs83/ccsv8/tools/compiler/ti-cgt-msp430_18.1.4.LTS/bin/cl430" -vmspx --use_hw_mpy=none --include_path="C:/Software/ccs83/ccsv8/ccs_base/msp430/include" --include_path="N:/2B/ECE298/Hello World" --include_path="C:/Software/ccs83/ccsv8/tools/compiler/ti-cgt-msp430_18.1.4.LTS/include" --advice:power=all --advice:hw_config=all --define=__MSP430FR4133__ -g --printf_support=minimal --diag_warning=225 --diag_wrap=off --display_error_number --silicon_errata=CPU21 --silicon_errata=CPU22 --silicon_errata=CPU40 --preproc_with_compile --preproc_dependency="driverlib/cs.d_raw" --obj_directory="driverlib"  "../driverlib/cs.c"
"../driverlib/cs.c", line 164: remark #1530-D: (ULP 5.1) Detected divide operation(s). Recommend moving them to RAM during run time or not using as these are processing/power intensive
"../driverlib/cs.c", line 164: remark #1533-D: (ULP 6.1) Detected use of multiplication on a device that has no hardware multiplier
"../driverlib/cs.c", line 179: remark #1530-D: (ULP 5.1) Detected divide operation(s). Recommend moving them to RAM during run time or not using as these are processing/power intensive
"../driverlib/cs.c", line 203: remark #1530-D: (ULP 5.1) Detected divide operation(s). Recommend moving them to RAM during run time or not using as these are processing/power intensive
"../driverlib/cs.c", line 207: remark #1530-D: (ULP 5.1) Detected divide operation(s). Recommend moving them to RAM during run time or not using as these are processing/power intensive
"../driverlib/cs.c", line 212: remark #1530-D: (ULP 5.1) Detected divide operation(s). Recommend moving them to RAM during run time or not using as these are processing/power intensive
"../driverlib/cs.c", line 244: remark #1527-D: (ULP 2.1) Detected SW delay loop using __delay_cycles. Recommend using a timer module instead
"../driverlib/cs.c", line 247: remark #1527-D: (ULP 2.1) Detected SW delay loop using __delay_cycles. Recommend using a timer module instead
"../driverlib/cs.c", line 250: remark #1527-D: (ULP 2.1) Detected SW delay loop using __delay_cycles. Recommend using a timer module instead
"../driverlib/cs.c", line 253: remark #1527-D: (ULP 2.1) Detected SW delay loop using __delay_cycles. Recommend using a timer module instead
"../driverlib/cs.c", line 256: remark #1527-D: (ULP 2.1) Detected SW delay loop using __delay_cycles. Recommend using a timer module instead
"../driverlib/cs.c", line 259: remark #1527-D: (ULP 2.1) Detected SW delay loop using __delay_cycles. Recommend using a timer module instead
"../driverlib/cs.c", line 262: remark #1527-D: (ULP 2.1) Detected SW delay loop using __delay_cycles. Recommend using a timer module instead
"../driverlib/cs.c", line 265: remark #1527-D: (ULP 2.1) Detected SW delay loop using __delay_cycles. Recommend using a timer module instead
"../driverlib/cs.c", line 268: remark #1527-D: (ULP 2.1) Detected SW delay loop using __delay_cycles. Recommend using a timer module instead
"../driverlib/cs.c", line 273: remark #1527-D: (ULP 2.1) Detected SW delay loop using empty loop. Recommend using a timer module instead
"../driverlib/cs.c", line 323: remark #1527-D: (ULP 2.1) Detected SW delay loop using empty loop. Recommend using a timer module instead
"../driverlib/cs.c", line 632: remark #1535-D: (ULP 8.1) variable "dco_FLLD" is used as a constant. Recommend declaring variable as either 'static const' or 'const'
"../driverlib/cs.c", line 734: remark #1535-D: (ULP 8.1) variable "dco_FLLD" is used as a constant. Recommend declaring variable as either 'static const' or 'const'
"../driverlib/cs.c", line 853: remark #1535-D: (ULP 8.1) variable "dco_FLLD" is used as a constant. Recommend declaring variable as either 'static const' or 'const'
"../driverlib/cs.c", line 1015: remark #1535-D: (ULP 8.1) variable "ACLKSourceDivider" is used as a constant. Recommend declaring variable as either 'static const' or 'const'
Finished building: "../driverlib/cs.c"
 
Building file: "../driverlib/ecomp.c"
Invoking: MSP430 Compiler
"C:/Software/ccs83/ccsv8/tools/compiler/ti-cgt-msp430_18.1.4.LTS/bin/cl430" -vmspx --use_hw_mpy=none --include_path="C:/Software/ccs83/ccsv8/ccs_base/msp430/include" --include_path="N:/2B/ECE298/Hello World" --include_path="C:/Software/ccs83/ccsv8/tools/compiler/ti-cgt-msp430_18.1.4.LTS/include" --advice:power=all --advice:hw_config=all --define=__MSP430FR4133__ -g --printf_support=minimal --diag_warning=225 --diag_wrap=off --display_error_number --silicon_errata=CPU21 --silicon_errata=CPU22 --silicon_errata=CPU40 --preproc_with_compile --preproc_dependency="driverlib/ecomp.d_raw" --obj_directory="driverlib"  "../driverlib/ecomp.c"
Finished building: "../driverlib/ecomp.c"
 
Building file: "../driverlib/eusci_a_spi.c"
Invoking: MSP430 Compiler
"C:/Software/ccs83/ccsv8/tools/compiler/ti-cgt-msp430_18.1.4.LTS/bin/cl430" -vmspx --use_hw_mpy=none --include_path="C:/Software/ccs83/ccsv8/ccs_base/msp430/include" --include_path="N:/2B/ECE298/Hello World" --include_path="C:/Software/ccs83/ccsv8/tools/compiler/ti-cgt-msp430_18.1.4.LTS/include" --advice:power=all --advice:hw_config=all --define=__MSP430FR4133__ -g --printf_support=minimal --diag_warning=225 --diag_wrap=off --display_error_number --silicon_errata=CPU21 --silicon_errata=CPU22 --silicon_errata=CPU40 --preproc_with_compile --preproc_dependency="driverlib/eusci_a_spi.d_raw" --obj_directory="driverlib"  "../driverlib/eusci_a_spi.c"
"../driverlib/eusci_a_spi.c", line 69: remark #1530-D: (ULP 5.1) Detected divide operation(s). Recommend moving them to RAM during run time or not using as these are processing/power intensive
"../driverlib/eusci_a_spi.c", line 105: remark #1530-D: (ULP 5.1) Detected divide operation(s). Recommend moving them to RAM during run time or not using as these are processing/power intensive
Finished building: "../driverlib/eusci_a_spi.c"
 
Building file: "../driverlib/eusci_a_uart.c"
Invoking: MSP430 Compiler
"C:/Software/ccs83/ccsv8/tools/compiler/ti-cgt-msp430_18.1.4.LTS/bin/cl430" -vmspx --use_hw_mpy=none --include_path="C:/Software/ccs83/ccsv8/ccs_base/msp430/include" --include_path="N:/2B/ECE298/Hello World" --include_path="C:/Software/ccs83/ccsv8/tools/compiler/ti-cgt-msp430_18.1.4.LTS/include" --advice:power=all --advice:hw_config=all --define=__MSP430FR4133__ -g --printf_support=minimal --diag_warning=225 --diag_wrap=off --display_error_number --silicon_errata=CPU21 --silicon_errata=CPU22 --silicon_errata=CPU40 --preproc_with_compile --preproc_dependency="driverlib/eusci_a_uart.d_raw" --obj_directory="driverlib"  "../driverlib/eusci_a_uart.c"
"../driverlib/eusci_a_uart.c", line 54: remark #1535-D: (ULP 8.1) variable "retVal" is used as a constant. Recommend declaring variable as either 'static const' or 'const'
"../driverlib/eusci_a_uart.c", line 118: remark #1528-D: (ULP 3.1) Detected flag polling using UCTXIFG. Recommend using an interrupt combined with enter LPMx and ISR
"../driverlib/eusci_a_uart.c", line 129: remark #1528-D: (ULP 3.1) Detected flag polling using UCRXIFG. Recommend using an interrupt combined with enter LPMx and ISR
"../driverlib/eusci_a_uart.c", line 237: remark #1528-D: (ULP 3.1) Detected flag polling using UCTXIFG. Recommend using an interrupt combined with enter LPMx and ISR
Finished building: "../driverlib/eusci_a_uart.c"
 
Building file: "../driverlib/eusci_b_spi.c"
Invoking: MSP430 Compiler
"C:/Software/ccs83/ccsv8/tools/compiler/ti-cgt-msp430_18.1.4.LTS/bin/cl430" -vmspx --use_hw_mpy=none --include_path="C:/Software/ccs83/ccsv8/ccs_base/msp430/include" --include_path="N:/2B/ECE298/Hello World" --include_path="C:/Software/ccs83/ccsv8/tools/compiler/ti-cgt-msp430_18.1.4.LTS/include" --advice:power=all --advice:hw_config=all --define=__MSP430FR4133__ -g --printf_support=minimal --diag_warning=225 --diag_wrap=off --display_error_number --silicon_errata=CPU21 --silicon_errata=CPU22 --silicon_errata=CPU40 --preproc_with_compile --preproc_dependency="driverlib/eusci_b_spi.d_raw" --obj_directory="driverlib"  "../driverlib/eusci_b_spi.c"
"../driverlib/eusci_b_spi.c", line 69: remark #1530-D: (ULP 5.1) Detected divide operation(s). Recommend moving them to RAM during run time or not using as these are processing/power intensive
"../driverlib/eusci_b_spi.c", line 103: remark #1530-D: (ULP 5.1) Detected divide operation(s). Recommend moving them to RAM during run time or not using as these are processing/power intensive
Finished building: "../driverlib/eusci_b_spi.c"
 
Building file: "../driverlib/eusci_b_i2c.c"
Invoking: MSP430 Compiler
"C:/Software/ccs83/ccsv8/tools/compiler/ti-cgt-msp430_18.1.4.LTS/bin/cl430" -vmspx --use_hw_mpy=none --include_path="C:/Software/ccs83/ccsv8/ccs_base/msp430/include" --include_path="N:/2B/ECE298/Hello World" --include_path="C:/Software/ccs83/ccsv8/tools/compiler/ti-cgt-msp430_18.1.4.LTS/include" --advice:power=all --advice:hw_config=all --define=__MSP430FR4133__ -g --printf_support=minimal --diag_warning=225 --diag_wrap=off --display_error_number --silicon_errata=CPU21 --silicon_errata=CPU22 --silicon_errata=CPU40 --preproc_with_compile --preproc_dependency="driverlib/eusci_b_i2c.d_raw" --obj_directory="driverlib"  "../driverlib/eusci_b_i2c.c"
"../driverlib/eusci_b_i2c.c", line 84: remark #1530-D: (ULP 5.1) Detected divide operation(s). Recommend moving them to RAM during run time or not using as these are processing/power intensive
"../driverlib/eusci_b_i2c.c", line 217: remark #1528-D: (ULP 3.1) Detected flag polling using UCTXIFG. Recommend using an interrupt combined with enter LPMx and ISR
"../driverlib/eusci_b_i2c.c", line 223: remark #1528-D: (ULP 3.1) Detected flag polling using UCTXIFG. Recommend using an interrupt combined with enter LPMx and ISR
"../driverlib/eusci_b_i2c.c", line 250: remark #1528-D: (ULP 3.1) Detected flag polling using UCRXIFG. Recommend using an interrupt combined with enter LPMx and ISR
"../driverlib/eusci_b_i2c.c", line 244: remark #1527-D: (ULP 2.1) Detected SW delay loop using empty loop. Recommend using a timer module instead
"../driverlib/eusci_b_i2c.c", line 274: remark #1528-D: (ULP 3.1) Detected flag polling using UCTXIFG. Recommend using an interrupt combined with enter LPMx and ISR
"../driverlib/eusci_b_i2c.c", line 285: remark #1528-D: (ULP 3.1) Detected flag polling using UCTXIFG. Recommend using an interrupt combined with enter LPMx and ISR
"../driverlib/eusci_b_i2c.c", line 318: remark #1528-D: (ULP 3.1) Detected flag polling using UCTXIFG. Recommend using an interrupt combined with enter LPMx and ISR
"../driverlib/eusci_b_i2c.c", line 342: remark #1528-D: (ULP 3.1) Detected flag polling using UCTXIFG. Recommend using an interrupt combined with enter LPMx and ISR
"../driverlib/eusci_b_i2c.c", line 365: remark #1528-D: (ULP 3.1) Detected flag polling using UCTXIFG. Recommend using an interrupt combined with enter LPMx and ISR
"../driverlib/eusci_b_i2c.c", line 380: remark #1528-D: (ULP 3.1) Detected flag polling using UCTXIFG. Recommend using an interrupt combined with enter LPMx and ISR
"../driverlib/eusci_b_i2c.c", line 401: remark #1528-D: (ULP 3.1) Detected flag polling using UCTXIFG. Recommend using an interrupt combined with enter LPMx and ISR
"../driverlib/eusci_b_i2c.c", line 408: remark #1528-D: (ULP 3.1) Detected flag polling using UCTXIFG. Recommend using an interrupt combined with enter LPMx and ISR
"../driverlib/eusci_b_i2c.c", line 424: remark #1528-D: (ULP 3.1) Detected flag polling using UCTXIFG. Recommend using an interrupt combined with enter LPMx and ISR
"../driverlib/eusci_b_i2c.c", line 436: remark #1528-D: (ULP 3.1) Detected flag polling using UCTXIFG. Recommend using an interrupt combined with enter LPMx and ISR
"../driverlib/eusci_b_i2c.c", line 459: remark #1528-D: (ULP 3.1) Detected flag polling using UCTXIFG. Recommend using an interrupt combined with enter LPMx and ISR
"../driverlib/eusci_b_i2c.c", line 472: remark #1528-D: (ULP 3.1) Detected flag polling using UCTXIFG. Recommend using an interrupt combined with enter LPMx and ISR
"../driverlib/eusci_b_i2c.c", line 508: remark #1528-D: (ULP 3.1) Detected flag polling using UCRXIFG. Recommend using an interrupt combined with enter LPMx and ISR
"../driverlib/eusci_b_i2c.c", line 505: remark #1527-D: (ULP 2.1) Detected SW delay loop using empty loop. Recommend using a timer module instead
"../driverlib/eusci_b_i2c.c", line 534: remark #1528-D: (ULP 3.1) Detected flag polling using UCRXIFG. Recommend using an interrupt combined with enter LPMx and ISR
"../driverlib/eusci_b_i2c.c", line 526: remark #1527-D: (ULP 2.1) Detected SW delay loop using empty loop. Recommend using a timer module instead
"../driverlib/eusci_b_i2c.c", line 571: remark #1528-D: (ULP 3.1) Detected flag polling using UCRXIFG0. Recommend using an interrupt combined with enter LPMx and ISR
Finished building: "../driverlib/eusci_b_i2c.c"
 
Building file: "../driverlib/framctl.c"
Invoking: MSP430 Compiler
"C:/Software/ccs83/ccsv8/tools/compiler/ti-cgt-msp430_18.1.4.LTS/bin/cl430" -vmspx --use_hw_mpy=none --include_path="C:/Software/ccs83/ccsv8/ccs_base/msp430/include" --include_path="N:/2B/ECE298/Hello World" --include_path="C:/Software/ccs83/ccsv8/tools/compiler/ti-cgt-msp430_18.1.4.LTS/include" --advice:power=all --advice:hw_config=all --define=__MSP430FR4133__ -g --printf_support=minimal --diag_warning=225 --diag_wrap=off --display_error_number --silicon_errata=CPU21 --silicon_errata=CPU22 --silicon_errata=CPU40 --preproc_with_compile --preproc_dependency="driverlib/framctl.d_raw" --obj_directory="driverlib"  "../driverlib/framctl.c"
"../driverlib/framctl.c", line 60: remark #1535-D: (ULP 8.1) variable "wp" is used as a constant. Recommend declaring variable as either 'static const' or 'const'
"../driverlib/framctl.c", line 92: remark #1535-D: (ULP 8.1) variable "wp" is used as a constant. Recommend declaring variable as either 'static const' or 'const'
"../driverlib/framctl.c", line 124: remark #1535-D: (ULP 8.1) variable "wp" is used as a constant. Recommend declaring variable as either 'static const' or 'const'
"../driverlib/framctl.c", line 158: remark #1535-D: (ULP 8.1) variable "wp" is used as a constant. Recommend declaring variable as either 'static const' or 'const'
Finished building: "../driverlib/framctl.c"
 
Building file: "../driverlib/gpio.c"
Invoking: MSP430 Compiler
"C:/Software/ccs83/ccsv8/tools/compiler/ti-cgt-msp430_18.1.4.LTS/bin/cl430" -vmspx --use_hw_mpy=none --include_path="C:/Software/ccs83/ccsv8/ccs_base/msp430/include" --include_path="N:/2B/ECE298/Hello World" --include_path="C:/Software/ccs83/ccsv8/tools/compiler/ti-cgt-msp430_18.1.4.LTS/include" --advice:power=all --advice:hw_config=all --define=__MSP430FR4133__ -g --printf_support=minimal --diag_warning=225 --diag_wrap=off --display_error_number --silicon_errata=CPU21 --silicon_errata=CPU22 --silicon_errata=CPU40 --preproc_with_compile --preproc_dependency="driverlib/gpio.d_raw" --obj_directory="driverlib"  "../driverlib/gpio.c"
Finished building: "../driverlib/gpio.c"
 
Building file: "../driverlib/icc.c"
Invoking: MSP430 Compiler
"C:/Software/ccs83/ccsv8/tools/compiler/ti-cgt-msp430_18.1.4.LTS/bin/cl430" -vmspx --use_hw_mpy=none --include_path="C:/Software/ccs83/ccsv8/ccs_base/msp430/include" --include_path="N:/2B/ECE298/Hello World" --include_path="C:/Software/ccs83/ccsv8/tools/compiler/ti-cgt-msp430_18.1.4.LTS/include" --advice:power=all --advice:hw_config=all --define=__MSP430FR4133__ -g --printf_support=minimal --diag_warning=225 --diag_wrap=off --display_error_number --silicon_errata=CPU21 --silicon_errata=CPU22 --silicon_errata=CPU40 --preproc_with_compile --preproc_dependency="driverlib/icc.d_raw" --obj_directory="driverlib"  "../driverlib/icc.c"
Finished building: "../driverlib/icc.c"
 
Building file: "../driverlib/mpy32.c"
Invoking: MSP430 Compiler
"C:/Software/ccs83/ccsv8/tools/compiler/ti-cgt-msp430_18.1.4.LTS/bin/cl430" -vmspx --use_hw_mpy=none --include_path="C:/Software/ccs83/ccsv8/ccs_base/msp430/include" --include_path="N:/2B/ECE298/Hello World" --include_path="C:/Software/ccs83/ccsv8/tools/compiler/ti-cgt-msp430_18.1.4.LTS/include" --advice:power=all --advice:hw_config=all --define=__MSP430FR4133__ -g --printf_support=minimal --diag_warning=225 --diag_wrap=off --display_error_number --silicon_errata=CPU21 --silicon_errata=CPU22 --silicon_errata=CPU40 --preproc_with_compile --preproc_dependency="driverlib/mpy32.d_raw" --obj_directory="driverlib"  "../driverlib/mpy32.c"
Finished building: "../driverlib/mpy32.c"
 
Building file: "../driverlib/rtc.c"
Invoking: MSP430 Compiler
"C:/Software/ccs83/ccsv8/tools/compiler/ti-cgt-msp430_18.1.4.LTS/bin/cl430" -vmspx --use_hw_mpy=none --include_path="C:/Software/ccs83/ccsv8/ccs_base/msp430/include" --include_path="N:/2B/ECE298/Hello World" --include_path="C:/Software/ccs83/ccsv8/tools/compiler/ti-cgt-msp430_18.1.4.LTS/include" --advice:power=all --advice:hw_config=all --define=__MSP430FR4133__ -g --printf_support=minimal --diag_warning=225 --diag_wrap=off --display_error_number --silicon_errata=CPU21 --silicon_errata=CPU22 --silicon_errata=CPU40 --preproc_with_compile --preproc_dependency="driverlib/rtc.d_raw" --obj_directory="driverlib"  "../driverlib/rtc.c"
Finished building: "../driverlib/rtc.c"
 
Building file: "../driverlib/pmm.c"
Invoking: MSP430 Compiler
"C:/Software/ccs83/ccsv8/tools/compiler/ti-cgt-msp430_18.1.4.LTS/bin/cl430" -vmspx --use_hw_mpy=none --include_path="C:/Software/ccs83/ccsv8/ccs_base/msp430/include" --include_path="N:/2B/ECE298/Hello World" --include_path="C:/Software/ccs83/ccsv8/tools/compiler/ti-cgt-msp430_18.1.4.LTS/include" --advice:power=all --advice:hw_config=all --define=__MSP430FR4133__ -g --printf_support=minimal --diag_warning=225 --diag_wrap=off --display_error_number --silicon_errata=CPU21 --silicon_errata=CPU22 --silicon_errata=CPU40 --preproc_with_compile --preproc_dependency="driverlib/pmm.d_raw" --obj_directory="driverlib"  "../driverlib/pmm.c"
Finished building: "../driverlib/pmm.c"
 
Building file: "../driverlib/lcd_e.c"
Invoking: MSP430 Compiler
"C:/Software/ccs83/ccsv8/tools/compiler/ti-cgt-msp430_18.1.4.LTS/bin/cl430" -vmspx --use_hw_mpy=none --include_path="C:/Software/ccs83/ccsv8/ccs_base/msp430/include" --include_path="N:/2B/ECE298/Hello World" --include_path="C:/Software/ccs83/ccsv8/tools/compiler/ti-cgt-msp430_18.1.4.LTS/include" --advice:power=all --advice:hw_config=all --define=__MSP430FR4133__ -g --printf_support=minimal --diag_warning=225 --diag_wrap=off --display_error_number --silicon_errata=CPU21 --silicon_errata=CPU22 --silicon_errata=CPU40 --preproc_with_compile --preproc_dependency="driverlib/lcd_e.d_raw" --obj_directory="driverlib"  "../driverlib/lcd_e.c"
"../driverlib/lcd_e.c", line 343: remark #1530-D: (ULP 5.1) Detected divide operation(s). Recommend moving them to RAM during run time or not using as these are processing/power intensive
"../driverlib/lcd_e.c", line 344: remark #1530-D: (ULP 5.1) Detected divide operation(s). Recommend moving them to RAM during run time or not using as these are processing/power intensive
"../driverlib/lcd_e.c", line 347: remark #1530-D: (ULP 5.1) Detected divide operation(s). Recommend moving them to RAM during run time or not using as these are processing/power intensive
"../driverlib/lcd_e.c", line 348: remark #1530-D: (ULP 5.1) Detected divide operation(s). Recommend moving them to RAM during run time or not using as these are processing/power intensive
Finished building: "../driverlib/lcd_e.c"
 
Building file: "../driverlib/sac.c"
Invoking: MSP430 Compiler
"C:/Software/ccs83/ccsv8/tools/compiler/ti-cgt-msp430_18.1.4.LTS/bin/cl430" -vmspx --use_hw_mpy=none --include_path="C:/Software/ccs83/ccsv8/ccs_base/msp430/include" --include_path="N:/2B/ECE298/Hello World" --include_path="C:/Software/ccs83/ccsv8/tools/compiler/ti-cgt-msp430_18.1.4.LTS/include" --advice:power=all --advice:hw_config=all --define=__MSP430FR4133__ -g --printf_support=minimal --diag_warning=225 --diag_wrap=off --display_error_number --silicon_errata=CPU21 --silicon_errata=CPU22 --silicon_errata=CPU40 --preproc_with_compile --preproc_dependency="driverlib/sac.d_raw" --obj_directory="driverlib"  "../driverlib/sac.c"
Finished building: "../driverlib/sac.c"
 
Building file: "../driverlib/sfr.c"
Invoking: MSP430 Compiler
"C:/Software/ccs83/ccsv8/tools/compiler/ti-cgt-msp430_18.1.4.LTS/bin/cl430" -vmspx --use_hw_mpy=none --include_path="C:/Software/ccs83/ccsv8/ccs_base/msp430/include" --include_path="N:/2B/ECE298/Hello World" --include_path="C:/Software/ccs83/ccsv8/tools/compiler/ti-cgt-msp430_18.1.4.LTS/include" --advice:power=all --advice:hw_config=all --define=__MSP430FR4133__ -g --printf_support=minimal --diag_warning=225 --diag_wrap=off --display_error_number --silicon_errata=CPU21 --silicon_errata=CPU22 --silicon_errata=CPU40 --preproc_with_compile --preproc_dependency="driverlib/sfr.d_raw" --obj_directory="driverlib"  "../driverlib/sfr.c"
Finished building: "../driverlib/sfr.c"
 
Building file: "../driverlib/tia.c"
Invoking: MSP430 Compiler
"C:/Software/ccs83/ccsv8/tools/compiler/ti-cgt-msp430_18.1.4.LTS/bin/cl430" -vmspx --use_hw_mpy=none --include_path="C:/Software/ccs83/ccsv8/ccs_base/msp430/include" --include_path="N:/2B/ECE298/Hello World" --include_path="C:/Software/ccs83/ccsv8/tools/compiler/ti-cgt-msp430_18.1.4.LTS/include" --advice:power=all --advice:hw_config=all --define=__MSP430FR4133__ -g --printf_support=minimal --diag_warning=225 --diag_wrap=off --display_error_number --silicon_errata=CPU21 --silicon_errata=CPU22 --silicon_errata=CPU40 --preproc_with_compile --preproc_dependency="driverlib/tia.d_raw" --obj_directory="driverlib"  "../driverlib/tia.c"
Finished building: "../driverlib/tia.c"
 
Building file: "../driverlib/sysctl.c"
Invoking: MSP430 Compiler
"C:/Software/ccs83/ccsv8/tools/compiler/ti-cgt-msp430_18.1.4.LTS/bin/cl430" -vmspx --use_hw_mpy=none --include_path="C:/Software/ccs83/ccsv8/ccs_base/msp430/include" --include_path="N:/2B/ECE298/Hello World" --include_path="C:/Software/ccs83/ccsv8/tools/compiler/ti-cgt-msp430_18.1.4.LTS/include" --advice:power=all --advice:hw_config=all --define=__MSP430FR4133__ -g --printf_support=minimal --diag_warning=225 --diag_wrap=off --display_error_number --silicon_errata=CPU21 --silicon_errata=CPU22 --silicon_errata=CPU40 --preproc_with_compile --preproc_dependency="driverlib/sysctl.d_raw" --obj_directory="driverlib"  "../driverlib/sysctl.c"
Finished building: "../driverlib/sysctl.c"
 
Building file: "../driverlib/timer_b.c"
Invoking: MSP430 Compiler
"C:/Software/ccs83/ccsv8/tools/compiler/ti-cgt-msp430_18.1.4.LTS/bin/cl430" -vmspx --use_hw_mpy=none --include_path="C:/Software/ccs83/ccsv8/ccs_base/msp430/include" --include_path="N:/2B/ECE298/Hello World" --include_path="C:/Software/ccs83/ccsv8/tools/compiler/ti-cgt-msp430_18.1.4.LTS/include" --advice:power=all --advice:hw_config=all --define=__MSP430FR4133__ -g --printf_support=minimal --diag_warning=225 --diag_wrap=off --display_error_number --silicon_errata=CPU21 --silicon_errata=CPU22 --silicon_errata=CPU40 --preproc_with_compile --preproc_dependency="driverlib/timer_b.d_raw" --obj_directory="driverlib"  "../driverlib/timer_b.c"
Finished building: "../driverlib/timer_b.c"
 
Building file: "../driverlib/timer_a.c"
Invoking: MSP430 Compiler
"C:/Software/ccs83/ccsv8/tools/compiler/ti-cgt-msp430_18.1.4.LTS/bin/cl430" -vmspx --use_hw_mpy=none --include_path="C:/Software/ccs83/ccsv8/ccs_base/msp430/include" --include_path="N:/2B/ECE298/Hello World" --include_path="C:/Software/ccs83/ccsv8/tools/compiler/ti-cgt-msp430_18.1.4.LTS/include" --advice:power=all --advice:hw_config=all --define=__MSP430FR4133__ -g --printf_support=minimal --diag_warning=225 --diag_wrap=off --display_error_number --silicon_errata=CPU21 --silicon_errata=CPU22 --silicon_errata=CPU40 --preproc_with_compile --preproc_dependency="driverlib/timer_a.d_raw" --obj_directory="driverlib"  "../driverlib/timer_a.c"
Finished building: "../driverlib/timer_a.c"
 
Building file: "../driverlib/tlv.c"
Invoking: MSP430 Compiler
"C:/Software/ccs83/ccsv8/tools/compiler/ti-cgt-msp430_18.1.4.LTS/bin/cl430" -vmspx --use_hw_mpy=none --include_path="C:/Software/ccs83/ccsv8/ccs_base/msp430/include" --include_path="N:/2B/ECE298/Hello World" --include_path="C:/Software/ccs83/ccsv8/tools/compiler/ti-cgt-msp430_18.1.4.LTS/include" --advice:power=all --advice:hw_config=all --define=__MSP430FR4133__ -g --printf_support=minimal --diag_warning=225 --diag_wrap=off --display_error_number --silicon_errata=CPU21 --silicon_errata=CPU22 --silicon_errata=CPU40 --preproc_with_compile --preproc_dependency="driverlib/tlv.d_raw" --obj_directory="driverlib"  "../driverlib/tlv.c"
Finished building: "../driverlib/tlv.c"
 
Building file: "../driverlib/wdt_a.c"
Invoking: MSP430 Compiler
"C:/Software/ccs83/ccsv8/tools/compiler/ti-cgt-msp430_18.1.4.LTS/bin/cl430" -vmspx --use_hw_mpy=none --include_path="C:/Software/ccs83/ccsv8/ccs_base/msp430/include" --include_path="N:/2B/ECE298/Hello World" --include_path="C:/Software/ccs83/ccsv8/tools/compiler/ti-cgt-msp430_18.1.4.LTS/include" --advice:power=all --advice:hw_config=all --define=__MSP430FR4133__ -g --printf_support=minimal --diag_warning=225 --diag_wrap=off --display_error_number --silicon_errata=CPU21 --silicon_errata=CPU22 --silicon_errata=CPU40 --preproc_with_compile --preproc_dependency="driverlib/wdt_a.d_raw" --obj_directory="driverlib"  "../driverlib/wdt_a.c"
Finished building: "../driverlib/wdt_a.c"
 
gmake: Target 'all' not remade because of errors.

**** Build Finished ****
